Using pre-set license
Built from '2021.3/china_unity/release' branch; Version is '2021.3.9f1c1 (0fa35b602de1) revision 1024859'; Using compiler version '192829333'; Build Type 'Release'
OS: 'Windows 10  (10.0.19045) 64bit CoreCountrySpecific' Language: 'zh' Physical Memory: 15789 MB
BatchMode: 1, IsHumanControllingUs: 0, StartBugReporterOnCrash: 0, Is64bit: 1, IsPro: 1

COMMAND LINE ARGUMENTS:
E:\unity\2021.3.9f1c1\Editor\Unity.exe
-adb2
-batchMode
-noUpm
-name
AssetImportWorker0
-projectPath
E:/githubfile/unitydesign
-logFile
Logs/AssetImportWorker0.log
-srvPort
65063
Successfully changed project path to: E:/githubfile/unitydesign
E:/githubfile/unitydesign
[UnityMemory] Configuration Parameters - Can be set up in boot.config
    "memorysetup-bucket-allocator-granularity=16"
    "memorysetup-bucket-allocator-bucket-count=8"
    "memorysetup-bucket-allocator-block-size=33554432"
    "memorysetup-bucket-allocator-block-count=8"
    "memorysetup-main-allocator-block-size=16777216"
    "memorysetup-thread-allocator-block-size=16777216"
    "memorysetup-gfx-main-allocator-block-size=16777216"
    "memorysetup-gfx-thread-allocator-block-size=16777216"
    "memorysetup-cache-allocator-block-size=4194304"
    "memorysetup-typetree-allocator-block-size=2097152"
    "memorysetup-profiler-bucket-allocator-granularity=16"
    "memorysetup-profiler-bucket-allocator-bucket-count=8"
    "memorysetup-profiler-bucket-allocator-block-size=33554432"
    "memorysetup-profiler-bucket-allocator-block-count=8"
    "memorysetup-profiler-allocator-block-size=16777216"
    "memorysetup-profiler-editor-allocator-block-size=1048576"
    "memorysetup-temp-allocator-size-main=16777216"
    "memorysetup-job-temp-allocator-block-size=2097152"
    "memorysetup-job-temp-allocator-block-size-background=1048576"
    "memorysetup-job-temp-allocator-reduction-small-platforms=262144"
    "memorysetup-temp-allocator-size-background-worker=32768"
    "memorysetup-temp-allocator-size-job-worker=262144"
    "memorysetup-temp-allocator-size-preload-manager=33554432"
    "memorysetup-temp-allocator-size-nav-mesh-worker=65536"
    "memorysetup-temp-allocator-size-audio-worker=65536"
    "memorysetup-temp-allocator-size-cloud-worker=32768"
    "memorysetup-temp-allocator-size-gi-baking-worker=262144"
    "memorysetup-temp-allocator-size-gfx=262144"
AS: AutoStreaming module initializing.
Refreshing native plugins compatible for Editor in 61.37 ms, found 2 plugins.
Preloading 0 native plugins for Editor in 0.00 ms.
Initialize engine version: 2021.3.9f1c1 (0fa35b602de1)
[Subsystems] Discovering subsystems at path E:/unity/2021.3.9f1c1/Editor/Data/Resources/UnitySubsystems
[Subsystems] Discovering subsystems at path E:/githubfile/unitydesign/Assets
GfxDevice: creating device client; threaded=0; jobified=0
Direct3D:
    Version:  Direct3D 11.0 [level 11.1]
    Renderer: NVIDIA GeForce GTX 1660 Ti (ID=0x2191)
    Vendor:   NVIDIA
    VRAM:     5991 MB
    Driver:   31.0.15.1694
Initialize mono
Mono path[0] = 'E:/unity/2021.3.9f1c1/Editor/Data/Managed'
Mono path[1] = 'E:/unity/2021.3.9f1c1/Editor/Data/MonoBleedingEdge/lib/mono/unityjit-win32'
Mono config path = 'E:/unity/2021.3.9f1c1/Editor/Data/MonoBleedingEdge/etc'
Using monoOptions --debugger-agent=transport=dt_socket,embedding=1,server=y,suspend=n,address=127.0.0.1:56820
Begin MonoManager ReloadAssembly
Registering precompiled unity dll's ...
Register platform support module: E:/unity/2021.3.9f1c1/Editor/Data/PlaybackEngines/WebGLSupport/UnityEditor.WebGL.Extensions.dll
Register platform support module: E:/unity/2021.3.9f1c1/Editor/Data/PlaybackEngines/AndroidPlayer/UnityEditor.Android.Extensions.dll
Register platform support module: E:/unity/2021.3.9f1c1/Editor/Data/PlaybackEngines/WindowsStandaloneSupport/UnityEditor.WindowsStandalone.Extensions.dll
Registered in 0.004685 seconds.
Native extension for WindowsStandalone target not found
Native extension for Android target not found
Native extension for WebGL target not found
Refreshing native plugins compatible for Editor in 49.93 ms, found 2 plugins.
Preloading 0 native plugins for Editor in 0.00 ms.
Mono: successfully reloaded assembly
- Completed reload, in  0.639 seconds
Domain Reload Profiling:
	ReloadAssembly (640ms)
		BeginReloadAssembly (76ms)
			ExecutionOrderSort (0ms)
			DisableScriptedObjects (0ms)
			BackupInstance (0ms)
			ReleaseScriptingObjects (0ms)
			CreateAndSetChildDomain (1ms)
		EndReloadAssembly (453ms)
			LoadAssemblies (73ms)
			RebuildTransferFunctionScriptingTraits (0ms)
			SetupTypeCache (105ms)
			ReleaseScriptCaches (0ms)
			RebuildScriptCaches (29ms)
			SetupLoadedEditorAssemblies (264ms)
				LogAssemblyErrors (0ms)
				InitializePlatformSupportModulesInManaged (60ms)
				SetLoadedEditorAssemblies (0ms)
				RefreshPlugins (50ms)
				BeforeProcessingInitializeOnLoad (1ms)
				ProcessInitializeOnLoadAttributes (107ms)
				ProcessInitializeOnLoadMethodAttributes (46ms)
				AfterProcessingInitializeOnLoad (0ms)
				EditorAssembliesLoaded (0ms)
			ExecutionOrderSort2 (0ms)
			AwakeInstancesAfterBackupRestoration (0ms)
Platform modules already initialized, skipping
Registering precompiled user dll's ...
Registered in 0.009062 seconds.
Begin MonoManager ReloadAssembly
Native extension for WindowsStandalone target not found
Native extension for Android target not found
Native extension for WebGL target not found
Refreshing native plugins compatible for Editor in 1.14 ms, found 2 plugins.
Preloading 0 native plugins for Editor in 0.00 ms.
Package Manager log level set to [2]
Mono: successfully reloaded assembly
- Completed reload, in  1.227 seconds
Domain Reload Profiling:
	ReloadAssembly (1228ms)
		BeginReloadAssembly (241ms)
			ExecutionOrderSort (0ms)
			DisableScriptedObjects (6ms)
			BackupInstance (0ms)
			ReleaseScriptingObjects (0ms)
			CreateAndSetChildDomain (131ms)
		EndReloadAssembly (859ms)
			LoadAssemblies (94ms)
			RebuildTransferFunctionScriptingTraits (0ms)
			SetupTypeCache (204ms)
			ReleaseScriptCaches (1ms)
			RebuildScriptCaches (57ms)
			SetupLoadedEditorAssemblies (468ms)
				LogAssemblyErrors (0ms)
				InitializePlatformSupportModulesInManaged (15ms)
				SetLoadedEditorAssemblies (0ms)
				RefreshPlugins (1ms)
				BeforeProcessingInitializeOnLoad (90ms)
				ProcessInitializeOnLoadAttributes (208ms)
				ProcessInitializeOnLoadMethodAttributes (144ms)
				AfterProcessingInitializeOnLoad (9ms)
				EditorAssembliesLoaded (0ms)
			ExecutionOrderSort2 (0ms)
			AwakeInstancesAfterBackupRestoration (9ms)
Platform modules already initialized, skipping
========================================================================
Worker process is ready to serve import requests
Launched and connected shader compiler UnityShaderCompiler.exe after 0.05 seconds
Refreshing native plugins compatible for Editor in 0.75 ms, found 2 plugins.
Preloading 0 native plugins for Editor in 0.00 ms.
Unloading 2554 Unused Serialized files (Serialized files now loaded: 0)
Unloading 60 unused Assets / (56.4 KB). Loaded Objects now: 2992.
Memory consumption went from 95.6 MB to 95.5 MB.
Total: 6.833600 ms (FindLiveObjects: 0.274700 ms CreateObjectMapping: 0.083000 ms MarkObjects: 6.345600 ms  DeleteObjects: 0.128400 ms)

AssetImportParameters requested are different than current active one (requested -> active):
  custom:video-decoder-ogg-theora: a1e56fd34408186e4bbccfd4996cb3dc -> 
  custom:container-muxer-webm: aa71ff27fc2769a1b78a27578f13a17b -> 
  custom:container-demuxer-webm: 4f35f7cbe854078d1ac9338744f61a02 -> 
  custom:video-encoder-webm-vp8: eb34c28f22e8b96e1ab97ce403110664 -> 
  custom:audio-encoder-webm-vorbis: bf7c407c2cedff20999df2af8eb42d56 -> 
  custom:framework-win-MediaFoundation: 216162199b28c13a410421893ffa2e32 -> 
  custom:container-demuxer-ogg: 62fdf1f143b41e24485cea50d1cbac27 -> 
  custom:video-decoder-webm-vp8: 9c59270c3fd7afecdb556c50c9e8de78 -> 
  custom:audio-decoder-ogg-vorbis: bf7c407c2cedff20999df2af8eb42d56 -> 
========================================================================
Received Import Request.
  Time since last request: 10512.764243 seconds.
  path: Assets/Behavioral Patterns
  artifactKey: Guid(6b75088dd7c261048856c29626f184b6) Importer(815301076,1909f56bfc062723c751e8b465ee728b)
Start importing Assets/Behavioral Patterns using Guid(6b75088dd7c261048856c29626f184b6) Importer(815301076,1909f56bfc062723c751e8b465ee728b)  -> (artifact id: '00000000000000000000000000000000') in 0.642404 seconds  code(4) message(Build asset version error: assets/behavioral patterns.meta in SourceAssetDB has modification time of '2024-08-04T06:18:18.4326966Z' while content on disk has modification time of '0001-01-01T00:00:00Z' with error code 2
Stacktrace:
0x00007ff7aa45d16d (Unity) StackWalker::GetCurrentCallstack
0x00007ff7aa463e49 (Unity) StackWalker::ShowCallstack
0x00007ff7ab3e4663 (Unity) GetStacktrace
0x00007ff7ab77f5c4 (Unity) GetAssetHashAndValidate
0x00007ff7ab77ae60 (Unity) AssetVersionBuilder::BuildHashOfSourceAssetArray
0x00007ff7ab778d9d (Unity) AssetVersionBuilder::BuildAssetVersion
0x00007ff7ab700eba (Unity) CreateAssetVersionBuilder
0x00007ff7ab7079b3 (Unity) ImportToObjects
0x00007ff7ab7066e3 (Unity) ImportAsset
0x00007ff7ab729102 (Unity) AssetImportWorker::Import
0x00007ff7ab78ec24 (Unity) <lambda_652b9ea7fdadd68cd96f981cc7222240>::operator()
0x00007ff7ab7cffb2 (Unity) asio::detail::completion_handler<core::mutable_function<void __cdecl(void)>,asio::io_context::basic_executor_type<std::allocator<void>,0> >::do_complete
0x00007ff7ab7bbe9e (Unity) asio::detail::win_iocp_io_context::do_one
0x00007ff7ab7bdb04 (Unity) asio::detail::win_iocp_io_context::run
0x00007ff7ab7ce39e (Unity) IOService::Run
0x00007ff7ab7a0f8f (Unity) AssetImportWorkerClient::Run
0x00007ff7ab76b3e3 (Unity) RunAssetImportWorkerClientV2
0x00007ff7ab76b46b (Unity) RunAssetImporterV2
0x00007ff7aaf8f5a8 (Unity) Application::InitializeProject
0x00007ff7ab3eeda8 (Unity) WinMain
0x00007ff7ac79234e (Unity) __scrt_common_main_seh
0x00007ffd7bae7374 (KERNEL32) BaseThreadInitThunk
0x00007ffd7d5dcc91 (ntdll) RtlUserThreadStart
)
  ERROR: Build asset version error: assets/behavioral patterns.meta in SourceAssetDB has modification time of '2024-08-04T06:18:18.4326966Z' while content on disk has modification time of '0001-01-01T00:00:00Z' with error code 2
Stacktrace:
0x00007ff7aa45d16d (Unity) StackWalker::GetCurrentCallstack
0x00007ff7aa463e49 (Unity) StackWalker::ShowCallstack
0x00007ff7ab3e4663 (Unity) GetStacktrace
0x00007ff7ab77f5c4 (Unity) GetAssetHashAndValidate
0x00007ff7ab77ae60 (Unity) AssetVersionBuilder::BuildHashOfSourceAssetArray
0x00007ff7ab778d9d (Unity) AssetVersionBuilder::BuildAssetVersion
0x00007ff7ab700eba (Unity) CreateAssetVersionBuilder
0x00007ff7ab7079b3 (Unity) ImportToObjects
0x00007ff7ab7066e3 (Unity) ImportAsset
0x00007ff7ab729102 (Unity) AssetImportWorker::Import
0x00007ff7ab78ec24 (Unity) <lambda_652b9ea7fdadd68cd96f981cc7222240>::operator()
0x00007ff7ab7cffb2 (Unity) asio::detail::completion_handler<core::mutable_function<void __cdecl(void)>,asio::io_context::basic_executor_type<std::allocator<void>,0> >::do_complete
0x00007ff7ab7bbe9e (Unity) asio::detail::win_iocp_io_context::do_one
0x00007ff7ab7bdb04 (Unity) asio::detail::win_iocp_io_context::run
0x00007ff7ab7ce39e (Unity) IOService::Run
0x00007ff7ab7a0f8f (Unity) AssetImportWorkerClient::Run
0x00007ff7ab76b3e3 (Unity) RunAssetImportWorkerClientV2
0x00007ff7ab76b46b (Unity) RunAssetImporterV2
0x00007ff7aaf8f5a8 (Unity) Application::InitializeProject
0x00007ff7ab3eeda8 (Unity) WinMain
0x00007ff7ac79234e (Unity) __scrt_common_main_seh
0x00007ffd7bae7374 (KERNEL32) BaseThreadInitThunk
0x00007ffd7d5dcc91 (ntdll) RtlUserThreadStart

========================================================================
Received Import Request.
  Time since last request: 2.264654 seconds.
  path: Assets/Resources
  artifactKey: Guid(e3752e69a2caef447ae3a1f01bc59611) Importer(815301076,1909f56bfc062723c751e8b465ee728b)
Start importing Assets/Resources using Guid(e3752e69a2caef447ae3a1f01bc59611) Importer(815301076,1909f56bfc062723c751e8b465ee728b)  -> (artifact id: '32067c8682d31d8e9255b9f3671bc044') in 0.005194 seconds 
========================================================================
Received Import Request.
  Time since last request: 2.044534 seconds.
  path: Assets/design
  artifactKey: Guid(f0b035a813f009546999fd19e53d22ac) Importer(815301076,1909f56bfc062723c751e8b465ee728b)
Start importing Assets/design using Guid(f0b035a813f009546999fd19e53d22ac) Importer(815301076,1909f56bfc062723c751e8b465ee728b)  -> (artifact id: 'b8451bec614e0fd6cb6007fef4d2caa0') in 0.001835 seconds 
========================================================================
Received Import Request.
  Time since last request: 1.504320 seconds.
  path: Assets/design/Resources
  artifactKey: Guid(e3335a373d4729c4e825020827209844) Importer(815301076,1909f56bfc062723c751e8b465ee728b)
Start importing Assets/design/Resources using Guid(e3335a373d4729c4e825020827209844) Importer(815301076,1909f56bfc062723c751e8b465ee728b)  -> (artifact id: '586eee7a5e49ebde4f557386d0bce8ec') in 0.002440 seconds 
========================================================================
Received Import Request.
  Time since last request: 0.816604 seconds.
  path: Assets/design/Resources/BillingMode.json
  artifactKey: Guid(3de56f53106ef05479f785c3efa6cfb3) Importer(815301076,1909f56bfc062723c751e8b465ee728b)
Start importing Assets/design/Resources/BillingMode.json using Guid(3de56f53106ef05479f785c3efa6cfb3) Importer(815301076,1909f56bfc062723c751e8b465ee728b)  -> (artifact id: 'd7a680e3e5084561758fac4d2ef4c539') in 0.040360 seconds 
========================================================================
Received Import Request.
  Time since last request: 12.803146 seconds.
  path: Assets/Sort Ways
  artifactKey: Guid(81358434cfa92be4aaa4df46e2afa125) Importer(815301076,1909f56bfc062723c751e8b465ee728b)
Start importing Assets/Sort Ways using Guid(81358434cfa92be4aaa4df46e2afa125) Importer(815301076,1909f56bfc062723c751e8b465ee728b)  -> (artifact id: 'd50e61564d2e3fbdb3732feef7b809c1') in 0.002298 seconds 
========================================================================
Received Import Request.
  Time since last request: 1.454446 seconds.
  path: Assets/Sort Ways/Sort.unity
  artifactKey: Guid(c9cdc587fe17238418a186b6b7ddcea6) Importer(815301076,1909f56bfc062723c751e8b465ee728b)
Start importing Assets/Sort Ways/Sort.unity using Guid(c9cdc587fe17238418a186b6b7ddcea6) Importer(815301076,1909f56bfc062723c751e8b465ee728b)  -> (artifact id: '37126bf9df541d8579a399acd99d064d') in 0.002003 seconds 
========================================================================
Received Import Request.
  Time since last request: 222.581104 seconds.
  path: Assets/Sort Ways/GameMain.cs
  artifactKey: Guid(2dc01db8329347dba2922d7995147057) Importer(815301076,1909f56bfc062723c751e8b465ee728b)
Start importing Assets/Sort Ways/GameMain.cs using Guid(2dc01db8329347dba2922d7995147057) Importer(815301076,1909f56bfc062723c751e8b465ee728b)  -> (artifact id: 'a6ad514ec4444fcf508a316a5573355d') in 0.009459 seconds 
